[debug] [2024-01-31T05:12:46.060Z] ----------------------------------------------------------------------
[debug] [2024-01-31T05:12:46.064Z] Command:       C:\Program Files\nodejs\node.exe C:\Users\Marwan\AppData\Roaming\npm\node_modules\firebase-tools\lib\bin\firebase.js deploy
[debug] [2024-01-31T05:12:46.065Z] CLI Version:   7.0.0
[debug] [2024-01-31T05:12:46.065Z] Platform:      win32
[debug] [2024-01-31T05:12:46.065Z] Node Version:  v18.12.1
[debug] [2024-01-31T05:12:46.067Z] Time:          Wed Jan 31 2024 07:12:46 GMT+0200 (توقيت شرق أوروبا الرسمي)
[debug] [2024-01-31T05:12:46.067Z] ----------------------------------------------------------------------
[debug] 
[debug] [2024-01-31T05:12:46.175Z] > command requires scopes: ["email","openid","https://www.googleapis.com/auth/cloudplatformprojects.readonly","https://www.googleapis.com/auth/firebase","https://www.googleapis.com/auth/cloud-platform"]
[debug] [2024-01-31T05:12:46.176Z] > authorizing via signed-in user
[debug] [2024-01-31T05:12:46.176Z] [iam] checking project marakezna for permissions ["firebase.projects.get","firebasehosting.sites.update"]
[debug] [2024-01-31T05:12:46.180Z] > refreshing access token with scopes: ["email","https://www.googleapis.com/auth/cloud-platform","https://www.googleapis.com/auth/cloudplatformprojects.readonly","https://www.googleapis.com/auth/firebase","openid"]
[debug] [2024-01-31T05:12:46.181Z] >>> HTTP REQUEST POST https://www.googleapis.com/oauth2/v3/token  
 <request body omitted>
[debug] [2024-01-31T05:12:46.508Z] <<< HTTP RESPONSE 200
[debug] [2024-01-31T05:12:46.545Z] >>> HTTP REQUEST POST https://cloudresourcemanager.googleapis.com/v1/projects/marakezna:testIamPermissions  

[debug] [2024-01-31T05:12:47.510Z] <<< HTTP RESPONSE 200
[debug] [2024-01-31T05:12:47.513Z] >>> HTTP REQUEST GET https://firebase.googleapis.com/v1beta1/projects/marakezna  
 
[debug] [2024-01-31T05:12:47.954Z] <<< HTTP RESPONSE 200
[debug] [2024-01-31T05:12:47.956Z] [WARNING] Unable to fetch default resources. Falling back to project id (marakezna)
[info] 
[info] === Deploying to 'marakezna'...
[info] 
[info] i  deploying hosting
[debug] [2024-01-31T05:12:47.966Z] >>> HTTP REQUEST POST https://firebasehosting.googleapis.com/v1beta1/sites/marakezna/versions  

[debug] [2024-01-31T05:12:49.388Z] <<< HTTP RESPONSE 200
[info] i  hosting[marakezna]: beginning deploy...
[info] i  hosting[marakezna]: found 324 files in dist/inba
[debug] [2024-01-31T05:12:49.520Z] [hosting] hash cache [ZGlzdFxpbmJh] load error: lines is not defined
[debug] [2024-01-31T05:12:50.857Z] [hosting] hash cache [ZGlzdFxpbmJh] stored for 324 files
[debug] [2024-01-31T05:12:50.859Z] [hosting][hash queue][FINAL]
[debug] [2024-01-31T05:12:50.860Z] >>> HTTP REQUEST POST https://firebasehosting.googleapis.com/v1beta1/sites/marakezna/versions/df57cf62847335e3:populateFiles  
 <request body omitted>
[debug] [2024-01-31T05:12:52.365Z] <<< HTTP RESPONSE 200
[debug] [2024-01-31T05:12:52.372Z] [hosting][populate queue][FINAL]
[debug] [2024-01-31T05:12:52.372Z] [hosting] uploads queued: 2
